{"name":"mainTest1","status":"broken","statusDetails":{"known":false,"muted":false,"flaky":false,"message":"URLDecoder: Incomplete trailing escape (%) pattern","trace":"java.lang.IllegalArgumentException: URLDecoder: Incomplete trailing escape (%) pattern\r\n\tat java.base/java.net.URLDecoder.decode(URLDecoder.java:225)\r\n\tat Steps.getUserData(Steps.java:141)\r\n\tat ApiTests.mainTest1(ApiTests.java:24)\r\n\tat java.base/jdk.internal.reflect.NativeMethodAccessorImpl.invoke0(Native Method)\r\n\tat java.base/jdk.internal.reflect.NativeMethodAccessorImpl.invoke(NativeMethodAccessorImpl.java:62)\r\n\tat java.base/jdk.internal.reflect.DelegatingMethodAccessorImpl.invoke(DelegatingMethodAccessorImpl.java:43)\r\n\tat java.base/java.lang.reflect.Method.invoke(Method.java:564)\r\n\tat org.testng.internal.MethodInvocationHelper.invokeMethod(MethodInvocationHelper.java:124)\r\n\tat org.testng.internal.Invoker.invokeMethod(Invoker.java:583)\r\n\tat org.testng.internal.Invoker.invokeTestMethod(Invoker.java:719)\r\n\tat org.testng.internal.Invoker.invokeTestMethods(Invoker.java:989)\r\n\tat org.testng.internal.TestMethodWorker.invokeTestMethods(TestMethodWorker.java:125)\r\n\tat org.testng.internal.TestMethodWorker.run(TestMethodWorker.java:109)\r\n\tat org.testng.TestRunner.privateRun(TestRunner.java:648)\r\n\tat org.testng.TestRunner.run(TestRunner.java:505)\r\n\tat org.testng.SuiteRunner.runTest(SuiteRunner.java:455)\r\n\tat org.testng.SuiteRunner.runSequentially(SuiteRunner.java:450)\r\n\tat org.testng.SuiteRunner.privateRun(SuiteRunner.java:415)\r\n\tat org.testng.SuiteRunner.run(SuiteRunner.java:364)\r\n\tat org.testng.SuiteRunnerWorker.runSuite(SuiteRunnerWorker.java:52)\r\n\tat org.testng.SuiteRunnerWorker.run(SuiteRunnerWorker.java:84)\r\n\tat org.testng.TestNG.runSuitesSequentially(TestNG.java:1208)\r\n\tat org.testng.TestNG.runSuitesLocally(TestNG.java:1137)\r\n\tat org.testng.TestNG.runSuites(TestNG.java:1049)\r\n\tat org.testng.TestNG.run(TestNG.java:1017)\r\n\tat com.intellij.rt.testng.IDEARemoteTestNG.run(IDEARemoteTestNG.java:66)\r\n\tat com.intellij.rt.testng.RemoteTestNGStarter.main(RemoteTestNGStarter.java:109)\r\n"},"stage":"finished","steps":[{"name":"Переход на сайт, авторизация","status":"passed","stage":"finished","steps":[],"attachments":[],"parameters":[{"name":"user","value":"User{username='rus', password='screen', firstName='null', lastName='null', address1='null', address2='null'}"}],"start":1603452612005,"stop":1603452622075},{"name":"Получение данных о пользователе","status":"broken","statusDetails":{"known":false,"muted":false,"flaky":false,"message":"URLDecoder: Incomplete trailing escape (%) pattern","trace":"java.lang.IllegalArgumentException: URLDecoder: Incomplete trailing escape (%) pattern\r\n\tat java.base/java.net.URLDecoder.decode(URLDecoder.java:225)\r\n\tat Steps.getUserData(Steps.java:141)\r\n\tat ApiTests.mainTest1(ApiTests.java:24)\r\n\tat java.base/jdk.internal.reflect.NativeMethodAccessorImpl.invoke0(Native Method)\r\n\tat java.base/jdk.internal.reflect.NativeMethodAccessorImpl.invoke(NativeMethodAccessorImpl.java:62)\r\n\tat java.base/jdk.internal.reflect.DelegatingMethodAccessorImpl.invoke(DelegatingMethodAccessorImpl.java:43)\r\n\tat java.base/java.lang.reflect.Method.invoke(Method.java:564)\r\n\tat org.testng.internal.MethodInvocationHelper.invokeMethod(MethodInvocationHelper.java:124)\r\n\tat org.testng.internal.Invoker.invokeMethod(Invoker.java:583)\r\n\tat org.testng.internal.Invoker.invokeTestMethod(Invoker.java:719)\r\n\tat org.testng.internal.Invoker.invokeTestMethods(Invoker.java:989)\r\n\tat org.testng.internal.TestMethodWorker.invokeTestMethods(TestMethodWorker.java:125)\r\n\tat org.testng.internal.TestMethodWorker.run(TestMethodWorker.java:109)\r\n\tat org.testng.TestRunner.privateRun(TestRunner.java:648)\r\n\tat org.testng.TestRunner.run(TestRunner.java:505)\r\n\tat org.testng.SuiteRunner.runTest(SuiteRunner.java:455)\r\n\tat org.testng.SuiteRunner.runSequentially(SuiteRunner.java:450)\r\n\tat org.testng.SuiteRunner.privateRun(SuiteRunner.java:415)\r\n\tat org.testng.SuiteRunner.run(SuiteRunner.java:364)\r\n\tat org.testng.SuiteRunnerWorker.runSuite(SuiteRunnerWorker.java:52)\r\n\tat org.testng.SuiteRunnerWorker.run(SuiteRunnerWorker.java:84)\r\n\tat org.testng.TestNG.runSuitesSequentially(TestNG.java:1208)\r\n\tat org.testng.TestNG.runSuitesLocally(TestNG.java:1137)\r\n\tat org.testng.TestNG.runSuites(TestNG.java:1049)\r\n\tat org.testng.TestNG.run(TestNG.java:1017)\r\n\tat com.intellij.rt.testng.IDEARemoteTestNG.run(IDEARemoteTestNG.java:66)\r\n\tat com.intellij.rt.testng.RemoteTestNGStarter.main(RemoteTestNGStarter.java:109)\r\n"},"stage":"finished","steps":[],"attachments":[],"parameters":[{"name":"user","value":"User{username='rus', password='screen', firstName='null', lastName='null', address1='null', address2='null'}"}],"start":1603452622075,"stop":1603452622090}],"attachments":[],"parameters":[{"name":"arg0","value":"User{username='rus', password='screen', firstName='null', lastName='null', address1='null', address2='null'}"}],"start":1603452611523,"stop":1603452622150,"uuid":"4bbc9cab-f0c2-47ba-bd4e-3b3b9f0791b1","historyId":"e5819d65b0b3eb45058b581df3f77862","fullName":"ApiTests.mainTest1","labels":[{"name":"package","value":"ApiTests"},{"name":"testClass","value":"ApiTests"},{"name":"testMethod","value":"mainTest1"},{"name":"parentSuite","value":"Default Suite"},{"name":"suite","value":"WebToursApiTest"},{"name":"subSuite","value":"ApiTests"},{"name":"host","value":"Admin-PC"},{"name":"thread","value":"5224@Admin-PC.main(1)"},{"name":"framework","value":"testng"},{"name":"language","value":"java"}],"links":[]}