{"name":"LoginAndBooking","status":"failed","statusDetails":{"known":false,"muted":false,"flaky":false,"message":"expected [1] but found [0]","trace":"java.lang.AssertionError: expected [1] but found [0]\r\n\tat org.testng.Assert.fail(Assert.java:96)\r\n\tat org.testng.Assert.failNotEquals(Assert.java:776)\r\n\tat org.testng.Assert.assertEqualsImpl(Assert.java:137)\r\n\tat org.testng.Assert.assertEquals(Assert.java:118)\r\n\tat org.testng.Assert.assertEquals(Assert.java:652)\r\n\tat org.testng.Assert.assertEquals(Assert.java:662)\r\n\tat Steps.checkItinerary(Steps.java:233)\r\n\tat ApiTests.LoginAndBooking(ApiTests.java:18)\r\n\tat java.base/jdk.internal.reflect.NativeMethodAccessorImpl.invoke0(Native Method)\r\n\tat java.base/jdk.internal.reflect.NativeMethodAccessorImpl.invoke(NativeMethodAccessorImpl.java:62)\r\n\tat java.base/jdk.internal.reflect.DelegatingMethodAccessorImpl.invoke(DelegatingMethodAccessorImpl.java:43)\r\n\tat java.base/java.lang.reflect.Method.invoke(Method.java:564)\r\n\tat org.testng.internal.MethodInvocationHelper.invokeMethod(MethodInvocationHelper.java:124)\r\n\tat org.testng.internal.Invoker.invokeMethod(Invoker.java:583)\r\n\tat org.testng.internal.Invoker.invokeTestMethod(Invoker.java:719)\r\n\tat org.testng.internal.Invoker.invokeTestMethods(Invoker.java:989)\r\n\tat org.testng.internal.TestMethodWorker.invokeTestMethods(TestMethodWorker.java:125)\r\n\tat org.testng.internal.TestMethodWorker.run(TestMethodWorker.java:109)\r\n\tat org.testng.TestRunner.privateRun(TestRunner.java:648)\r\n\tat org.testng.TestRunner.run(TestRunner.java:505)\r\n\tat org.testng.SuiteRunner.runTest(SuiteRunner.java:455)\r\n\tat org.testng.SuiteRunner.runSequentially(SuiteRunner.java:450)\r\n\tat org.testng.SuiteRunner.privateRun(SuiteRunner.java:415)\r\n\tat org.testng.SuiteRunner.run(SuiteRunner.java:364)\r\n\tat org.testng.SuiteRunnerWorker.runSuite(SuiteRunnerWorker.java:52)\r\n\tat org.testng.SuiteRunnerWorker.run(SuiteRunnerWorker.java:84)\r\n\tat org.testng.TestNG.runSuitesSequentially(TestNG.java:1208)\r\n\tat org.testng.TestNG.runSuitesLocally(TestNG.java:1137)\r\n\tat org.testng.TestNG.runSuites(TestNG.java:1049)\r\n\tat org.testng.TestNG.run(TestNG.java:1017)\r\n\tat com.intellij.rt.testng.IDEARemoteTestNG.run(IDEARemoteTestNG.java:66)\r\n\tat com.intellij.rt.testng.RemoteTestNGStarter.main(RemoteTestNGStarter.java:109)\r\n"},"stage":"finished","steps":[{"name":"Переход на сайт, авторизация","status":"passed","stage":"finished","steps":[],"attachments":[],"parameters":[{"name":"userLogin","value":"objects.UserLogin@1a38ba58"}],"start":1603842476786,"stop":1603842482666},{"name":"Получение данных о пользователе","status":"passed","stage":"finished","steps":[],"attachments":[],"parameters":[{"name":"cookies","value":"{MTUserInfo=firstName&Ruslan&address2&Moscow&username&rus1&hash&81&lastName&Borodin%0A&address1&Begovaya&creditCard&123456689&expDate&01%2F12%0A}"}],"start":1603842482666,"stop":1603842482697},{"name":"Оформление заказа","status":"passed","stage":"finished","steps":[],"attachments":[],"parameters":[{"name":"cookies","value":"{MTUserInfo=firstName&Ruslan&address2&Moscow&username&rus1&hash&81&lastName&Borodin%0A&address1&Begovaya&creditCard&123456689&expDate&01%2F12%0A}"},{"name":"bookingDetails","value":"objects.BookingDetails@3ad394e6"},{"name":"userDetails","value":"UserDetails{firstName='Ruslan', lastName='Borodin', address1='Begovaya', address2='Moscow', creditCard='123456689', expDate='01/12'}"},{"name":"passengers","value":"[objects.Passenger@42deb43a, objects.Passenger@1deb2c43]"},{"name":"hiddenDetails","value":"objects.HiddenDetails@3bb9efbc"}],"start":1603842482697,"stop":1603842483354},{"name":"Переход на страницу Itinerary,проверка общего количества заказов","status":"failed","statusDetails":{"known":false,"muted":false,"flaky":false,"message":"expected [1] but found [0]","trace":"java.lang.AssertionError: expected [1] but found [0]\r\n\tat org.testng.Assert.fail(Assert.java:96)\r\n\tat org.testng.Assert.failNotEquals(Assert.java:776)\r\n\tat org.testng.Assert.assertEqualsImpl(Assert.java:137)\r\n\tat org.testng.Assert.assertEquals(Assert.java:118)\r\n\tat org.testng.Assert.assertEquals(Assert.java:652)\r\n\tat org.testng.Assert.assertEquals(Assert.java:662)\r\n\tat Steps.checkItinerary(Steps.java:233)\r\n\tat ApiTests.LoginAndBooking(ApiTests.java:18)\r\n\tat java.base/jdk.internal.reflect.NativeMethodAccessorImpl.invoke0(Native Method)\r\n\tat java.base/jdk.internal.reflect.NativeMethodAccessorImpl.invoke(NativeMethodAccessorImpl.java:62)\r\n\tat java.base/jdk.internal.reflect.DelegatingMethodAccessorImpl.invoke(DelegatingMethodAccessorImpl.java:43)\r\n\tat java.base/java.lang.reflect.Method.invoke(Method.java:564)\r\n\tat org.testng.internal.MethodInvocationHelper.invokeMethod(MethodInvocationHelper.java:124)\r\n\tat org.testng.internal.Invoker.invokeMethod(Invoker.java:583)\r\n\tat org.testng.internal.Invoker.invokeTestMethod(Invoker.java:719)\r\n\tat org.testng.internal.Invoker.invokeTestMethods(Invoker.java:989)\r\n\tat org.testng.internal.TestMethodWorker.invokeTestMethods(TestMethodWorker.java:125)\r\n\tat org.testng.internal.TestMethodWorker.run(TestMethodWorker.java:109)\r\n\tat org.testng.TestRunner.privateRun(TestRunner.java:648)\r\n\tat org.testng.TestRunner.run(TestRunner.java:505)\r\n\tat org.testng.SuiteRunner.runTest(SuiteRunner.java:455)\r\n\tat org.testng.SuiteRunner.runSequentially(SuiteRunner.java:450)\r\n\tat org.testng.SuiteRunner.privateRun(SuiteRunner.java:415)\r\n\tat org.testng.SuiteRunner.run(SuiteRunner.java:364)\r\n\tat org.testng.SuiteRunnerWorker.runSuite(SuiteRunnerWorker.java:52)\r\n\tat org.testng.SuiteRunnerWorker.run(SuiteRunnerWorker.java:84)\r\n\tat org.testng.TestNG.runSuitesSequentially(TestNG.java:1208)\r\n\tat org.testng.TestNG.runSuitesLocally(TestNG.java:1137)\r\n\tat org.testng.TestNG.runSuites(TestNG.java:1049)\r\n\tat org.testng.TestNG.run(TestNG.java:1017)\r\n\tat com.intellij.rt.testng.IDEARemoteTestNG.run(IDEARemoteTestNG.java:66)\r\n\tat com.intellij.rt.testng.RemoteTestNGStarter.main(RemoteTestNGStarter.java:109)\r\n"},"stage":"finished","steps":[],"attachments":[],"parameters":[{"name":"cookies","value":"{MTUserInfo=firstName&Ruslan&address2&Moscow&username&rus1&hash&81&lastName&Borodin%0A&address1&Begovaya&creditCard&123456689&expDate&01%2F12%0A}"}],"start":1603842483354,"stop":1603842483510}],"attachments":[],"parameters":[{"name":"arg3","value":"objects.HiddenDetails@3bb9efbc"},{"name":"arg2","value":"[objects.Passenger@42deb43a, objects.Passenger@1deb2c43]"},{"name":"arg1","value":"objects.BookingDetails@3ad394e6"},{"name":"arg0","value":"objects.UserLogin@1a38ba58"}],"start":1603842476473,"stop":1603842483541,"uuid":"5bbed0a6-185e-44f5-9511-c5d7d3e767ea","historyId":"2dfd5f5f04c104acb475b4351e3b6361","fullName":"ApiTests.LoginAndBooking","labels":[{"name":"package","value":"ApiTests"},{"name":"testClass","value":"ApiTests"},{"name":"testMethod","value":"LoginAndBooking"},{"name":"parentSuite","value":"Default Suite"},{"name":"suite","value":"WebToursApiTest"},{"name":"subSuite","value":"ApiTests"},{"name":"host","value":"Admin-PC"},{"name":"thread","value":"2920@Admin-PC.main(1)"},{"name":"framework","value":"testng"},{"name":"language","value":"java"}],"links":[]}