{"name":"LoginAndBooking","status":"failed","statusDetails":{"known":false,"muted":false,"flaky":false,"message":"expected [1] but found [0]","trace":"java.lang.AssertionError: expected [1] but found [0]\r\n\tat org.testng.Assert.fail(Assert.java:96)\r\n\tat org.testng.Assert.failNotEquals(Assert.java:776)\r\n\tat org.testng.Assert.assertEqualsImpl(Assert.java:137)\r\n\tat org.testng.Assert.assertEquals(Assert.java:118)\r\n\tat org.testng.Assert.assertEquals(Assert.java:652)\r\n\tat org.testng.Assert.assertEquals(Assert.java:662)\r\n\tat Steps.checkItinerary(Steps.java:232)\r\n\tat ApiTests.LoginAndBooking(ApiTests.java:18)\r\n\tat java.base/jdk.internal.reflect.NativeMethodAccessorImpl.invoke0(Native Method)\r\n\tat java.base/jdk.internal.reflect.NativeMethodAccessorImpl.invoke(NativeMethodAccessorImpl.java:62)\r\n\tat java.base/jdk.internal.reflect.DelegatingMethodAccessorImpl.invoke(DelegatingMethodAccessorImpl.java:43)\r\n\tat java.base/java.lang.reflect.Method.invoke(Method.java:564)\r\n\tat org.testng.internal.MethodInvocationHelper.invokeMethod(MethodInvocationHelper.java:124)\r\n\tat org.testng.internal.Invoker.invokeMethod(Invoker.java:583)\r\n\tat org.testng.internal.Invoker.invokeTestMethod(Invoker.java:719)\r\n\tat org.testng.internal.Invoker.invokeTestMethods(Invoker.java:989)\r\n\tat org.testng.internal.TestMethodWorker.invokeTestMethods(TestMethodWorker.java:125)\r\n\tat org.testng.internal.TestMethodWorker.run(TestMethodWorker.java:109)\r\n\tat org.testng.TestRunner.privateRun(TestRunner.java:648)\r\n\tat org.testng.TestRunner.run(TestRunner.java:505)\r\n\tat org.testng.SuiteRunner.runTest(SuiteRunner.java:455)\r\n\tat org.testng.SuiteRunner.runSequentially(SuiteRunner.java:450)\r\n\tat org.testng.SuiteRunner.privateRun(SuiteRunner.java:415)\r\n\tat org.testng.SuiteRunner.run(SuiteRunner.java:364)\r\n\tat org.testng.SuiteRunnerWorker.runSuite(SuiteRunnerWorker.java:52)\r\n\tat org.testng.SuiteRunnerWorker.run(SuiteRunnerWorker.java:84)\r\n\tat org.testng.TestNG.runSuitesSequentially(TestNG.java:1208)\r\n\tat org.testng.TestNG.runSuitesLocally(TestNG.java:1137)\r\n\tat org.testng.TestNG.runSuites(TestNG.java:1049)\r\n\tat org.testng.TestNG.run(TestNG.java:1017)\r\n\tat com.intellij.rt.testng.IDEARemoteTestNG.run(IDEARemoteTestNG.java:66)\r\n\tat com.intellij.rt.testng.RemoteTestNGStarter.main(RemoteTestNGStarter.java:109)\r\n"},"stage":"finished","steps":[{"name":"Переход на сайт, авторизация","status":"passed","stage":"finished","steps":[],"attachments":[],"parameters":[{"name":"userLogin","value":"objects.UserLogin@c1a4620"}],"start":1603842331214,"stop":1603842337896},{"name":"Получение данных о пользователе","status":"passed","stage":"finished","steps":[],"attachments":[],"parameters":[{"name":"cookies","value":"{MTUserInfo=firstName&Ruslan&address2&Moscow&username&rus1&hash&81&lastName&Borodin%0A&address1&Begovaya&creditCard&123456689&expDate&01%2F12%0A}"}],"start":1603842337896,"stop":1603842338115},{"name":"Оформление заказа","status":"passed","stage":"finished","steps":[],"attachments":[],"parameters":[{"name":"cookies","value":"{MTUserInfo=firstName&Ruslan&address2&Moscow&username&rus1&hash&81&lastName&Borodin%0A&address1&Begovaya&creditCard&123456689&expDate&01%2F12%0A}"},{"name":"bookingDetails","value":"objects.BookingDetails@76b0ae1b"},{"name":"userDetails","value":"UserDetails{firstName='Ruslan', lastName='Borodin', address1='Begovaya', address2='Moscow', creditCard='123456689', expDate='01/12'}"},{"name":"passengers","value":"[objects.Passenger@130a0f66, objects.Passenger@4c432866]"},{"name":"hiddenDetails","value":"objects.HiddenDetails@12365c88"}],"start":1603842338115,"stop":1603842355507},{"name":"Переход на страницу Itinerary,проверка общего количества заказов","status":"failed","statusDetails":{"known":false,"muted":false,"flaky":false,"message":"expected [1] but found [0]","trace":"java.lang.AssertionError: expected [1] but found [0]\r\n\tat org.testng.Assert.fail(Assert.java:96)\r\n\tat org.testng.Assert.failNotEquals(Assert.java:776)\r\n\tat org.testng.Assert.assertEqualsImpl(Assert.java:137)\r\n\tat org.testng.Assert.assertEquals(Assert.java:118)\r\n\tat org.testng.Assert.assertEquals(Assert.java:652)\r\n\tat org.testng.Assert.assertEquals(Assert.java:662)\r\n\tat Steps.checkItinerary(Steps.java:232)\r\n\tat ApiTests.LoginAndBooking(ApiTests.java:18)\r\n\tat java.base/jdk.internal.reflect.NativeMethodAccessorImpl.invoke0(Native Method)\r\n\tat java.base/jdk.internal.reflect.NativeMethodAccessorImpl.invoke(NativeMethodAccessorImpl.java:62)\r\n\tat java.base/jdk.internal.reflect.DelegatingMethodAccessorImpl.invoke(DelegatingMethodAccessorImpl.java:43)\r\n\tat java.base/java.lang.reflect.Method.invoke(Method.java:564)\r\n\tat org.testng.internal.MethodInvocationHelper.invokeMethod(MethodInvocationHelper.java:124)\r\n\tat org.testng.internal.Invoker.invokeMethod(Invoker.java:583)\r\n\tat org.testng.internal.Invoker.invokeTestMethod(Invoker.java:719)\r\n\tat org.testng.internal.Invoker.invokeTestMethods(Invoker.java:989)\r\n\tat org.testng.internal.TestMethodWorker.invokeTestMethods(TestMethodWorker.java:125)\r\n\tat org.testng.internal.TestMethodWorker.run(TestMethodWorker.java:109)\r\n\tat org.testng.TestRunner.privateRun(TestRunner.java:648)\r\n\tat org.testng.TestRunner.run(TestRunner.java:505)\r\n\tat org.testng.SuiteRunner.runTest(SuiteRunner.java:455)\r\n\tat org.testng.SuiteRunner.runSequentially(SuiteRunner.java:450)\r\n\tat org.testng.SuiteRunner.privateRun(SuiteRunner.java:415)\r\n\tat org.testng.SuiteRunner.run(SuiteRunner.java:364)\r\n\tat org.testng.SuiteRunnerWorker.runSuite(SuiteRunnerWorker.java:52)\r\n\tat org.testng.SuiteRunnerWorker.run(SuiteRunnerWorker.java:84)\r\n\tat org.testng.TestNG.runSuitesSequentially(TestNG.java:1208)\r\n\tat org.testng.TestNG.runSuitesLocally(TestNG.java:1137)\r\n\tat org.testng.TestNG.runSuites(TestNG.java:1049)\r\n\tat org.testng.TestNG.run(TestNG.java:1017)\r\n\tat com.intellij.rt.testng.IDEARemoteTestNG.run(IDEARemoteTestNG.java:66)\r\n\tat com.intellij.rt.testng.RemoteTestNGStarter.main(RemoteTestNGStarter.java:109)\r\n"},"stage":"finished","steps":[],"attachments":[],"parameters":[{"name":"cookies","value":"{MTUserInfo=firstName&Ruslan&address2&Moscow&username&rus1&hash&81&lastName&Borodin%0A&address1&Begovaya&creditCard&123456689&expDate&01%2F12%0A}"}],"start":1603842355507,"stop":1603842355741}],"attachments":[],"parameters":[{"name":"arg3","value":"objects.HiddenDetails@12365c88"},{"name":"arg2","value":"[objects.Passenger@130a0f66, objects.Passenger@4c432866]"},{"name":"arg1","value":"objects.BookingDetails@76b0ae1b"},{"name":"arg0","value":"objects.UserLogin@c1a4620"}],"start":1603842330860,"stop":1603842355757,"uuid":"a229397c-5bb7-4a46-8df4-2a915f01c57b","historyId":"7dea4d80ab8c55b406996a384933c794","fullName":"ApiTests.LoginAndBooking","labels":[{"name":"package","value":"ApiTests"},{"name":"testClass","value":"ApiTests"},{"name":"testMethod","value":"LoginAndBooking"},{"name":"parentSuite","value":"Default Suite"},{"name":"suite","value":"WebToursApiTest"},{"name":"subSuite","value":"ApiTests"},{"name":"host","value":"Admin-PC"},{"name":"thread","value":"7020@Admin-PC.main(1)"},{"name":"framework","value":"testng"},{"name":"language","value":"java"}],"links":[]}